{"/home/devlinux/www/teddy-mobile-test/src/app/_layout.tsx": {"path":"/home/devlinux/www/teddy-mobile-test/src/app/_layout.tsx","statementMap":{"0":{"start":{"line":7,"column":2},"end":{"line":59,"column":4}},"1":{"start":{"line":44,"column":14},"end":{"line":44,"column":60}},"2":{"start":{"line":53,"column":14},"end":{"line":53,"column":65}}},"fnMap":{"0":{"name":"RootLayout","decl":{"start":{"line":6,"column":24},"end":{"line":6,"column":34}},"loc":{"start":{"line":6,"column":37},"end":{"line":60,"column":1}},"line":6},"1":{"name":"(anonymous_1)","decl":{"start":{"line":43,"column":24},"end":{"line":43,"column":25}},"loc":{"start":{"line":44,"column":14},"end":{"line":44,"column":60}},"line":44},"2":{"name":"(anonymous_2)","decl":{"start":{"line":52,"column":24},"end":{"line":52,"column":25}},"loc":{"start":{"line":53,"column":14},"end":{"line":53,"column":65}},"line":53}},"branchMap":{},"s":{"0":0,"1":0,"2":0},"f":{"0":0,"1":0,"2":0},"b":{}}
,"/home/devlinux/www/teddy-mobile-test/src/app/index.tsx": {"path":"/home/devlinux/www/teddy-mobile-test/src/app/index.tsx","statementMap":{"0":{"start":{"line":9,"column":15},"end":{"line":13,"column":2}},"1":{"start":{"line":22,"column":6},"end":{"line":24,"column":4}},"2":{"start":{"line":26,"column":17},"end":{"line":26,"column":28}},"3":{"start":{"line":29,"column":4},"end":{"line":29,"column":25}},"4":{"start":{"line":32,"column":2},"end":{"line":51,"column":4}},"5":{"start":{"line":54,"column":15},"end":{"line":82,"column":2}}},"fnMap":{"0":{"name":"Welcome","decl":{"start":{"line":17,"column":24},"end":{"line":17,"column":31}},"loc":{"start":{"line":17,"column":34},"end":{"line":52,"column":1}},"line":17},"1":{"name":"handleNavigation","decl":{"start":{"line":28,"column":11},"end":{"line":28,"column":27}},"loc":{"start":{"line":28,"column":44},"end":{"line":30,"column":3}},"line":28}},"branchMap":{},"s":{"0":1,"1":6,"2":6,"3":1,"4":6,"5":1},"f":{"0":6,"1":1},"b":{},"_coverageSchema":"1a1c01bbd47fc00a2c39e90264f33305004495a9","hash":"b91b8ad311730205481a26bde7d780ee7aec85d9"}
,"/home/devlinux/www/teddy-mobile-test/src/app/customers/index.tsx": {"path":"/home/devlinux/www/teddy-mobile-test/src/app/customers/index.tsx","statementMap":{"0":{"start":{"line":8,"column":2},"end":{"line":16,"column":4}},"1":{"start":{"line":19,"column":15},"end":{"line":31,"column":2}}},"fnMap":{"0":{"name":"Customers","decl":{"start":{"line":7,"column":24},"end":{"line":7,"column":33}},"loc":{"start":{"line":7,"column":36},"end":{"line":17,"column":1}},"line":7}},"branchMap":{},"s":{"0":0,"1":0},"f":{"0":0},"b":{}}
,"/home/devlinux/www/teddy-mobile-test/src/app/home/index.tsx": {"path":"/home/devlinux/www/teddy-mobile-test/src/app/home/index.tsx","statementMap":{"0":{"start":{"line":19,"column":40},"end":{"line":19,"column":55}},"1":{"start":{"line":21,"column":2},"end":{"line":60,"column":4}},"2":{"start":{"line":35,"column":38},"end":{"line":35,"column":54}},"3":{"start":{"line":39,"column":53},"end":{"line":39,"column":73}},"4":{"start":{"line":44,"column":32},"end":{"line":44,"column":53}},"5":{"start":{"line":50,"column":27},"end":{"line":50,"column":48}},"6":{"start":{"line":63,"column":15},"end":{"line":96,"column":2}}},"fnMap":{"0":{"name":"Home","decl":{"start":{"line":18,"column":24},"end":{"line":18,"column":28}},"loc":{"start":{"line":18,"column":31},"end":{"line":61,"column":1}},"line":18},"1":{"name":"(anonymous_1)","decl":{"start":{"line":35,"column":24},"end":{"line":35,"column":25}},"loc":{"start":{"line":35,"column":38},"end":{"line":35,"column":54}},"line":35},"2":{"name":"(anonymous_2)","decl":{"start":{"line":39,"column":47},"end":{"line":39,"column":48}},"loc":{"start":{"line":39,"column":53},"end":{"line":39,"column":73}},"line":39},"3":{"name":"(anonymous_3)","decl":{"start":{"line":44,"column":26},"end":{"line":44,"column":27}},"loc":{"start":{"line":44,"column":32},"end":{"line":44,"column":53}},"line":44},"4":{"name":"(anonymous_4)","decl":{"start":{"line":50,"column":21},"end":{"line":50,"column":22}},"loc":{"start":{"line":50,"column":27},"end":{"line":50,"column":48}},"line":50}},"branchMap":{},"s":{"0":0,"1":0,"2":0,"3":0,"4":0,"5":0,"6":0},"f":{"0":0,"1":0,"2":0,"3":0,"4":0},"b":{}}
,"/home/devlinux/www/teddy-mobile-test/src/components/customer-item/index.tsx": {"path":"/home/devlinux/www/teddy-mobile-test/src/components/customer-item/index.tsx","statementMap":{"0":{"start":{"line":15,"column":32},"end":{"line":15,"column":47}},"1":{"start":{"line":19,"column":2},"end":{"line":66,"column":4}},"2":{"start":{"line":33,"column":34},"end":{"line":33,"column":50}},"3":{"start":{"line":41,"column":30},"end":{"line":41,"column":47}},"4":{"start":{"line":47,"column":25},"end":{"line":47,"column":42}},"5":{"start":{"line":59,"column":60},"end":{"line":59,"column":77}},"6":{"start":{"line":69,"column":15},"end":{"line":132,"column":2}}},"fnMap":{"0":{"name":"CustomerItem","decl":{"start":{"line":14,"column":16},"end":{"line":14,"column":28}},"loc":{"start":{"line":14,"column":31},"end":{"line":67,"column":1}},"line":14},"1":{"name":"handleDeleteCustomer","decl":{"start":{"line":17,"column":11},"end":{"line":17,"column":31}},"loc":{"start":{"line":17,"column":34},"end":{"line":17,"column":36}},"line":17},"2":{"name":"(anonymous_2)","decl":{"start":{"line":33,"column":28},"end":{"line":33,"column":29}},"loc":{"start":{"line":33,"column":34},"end":{"line":33,"column":50}},"line":33},"3":{"name":"(anonymous_3)","decl":{"start":{"line":41,"column":24},"end":{"line":41,"column":25}},"loc":{"start":{"line":41,"column":30},"end":{"line":41,"column":47}},"line":41},"4":{"name":"(anonymous_4)","decl":{"start":{"line":47,"column":19},"end":{"line":47,"column":20}},"loc":{"start":{"line":47,"column":25},"end":{"line":47,"column":42}},"line":47},"5":{"name":"(anonymous_5)","decl":{"start":{"line":59,"column":54},"end":{"line":59,"column":55}},"loc":{"start":{"line":59,"column":60},"end":{"line":59,"column":77}},"line":59}},"branchMap":{},"s":{"0":0,"1":0,"2":0,"3":0,"4":0,"5":0,"6":0},"f":{"0":0,"1":0,"2":0,"3":0,"4":0,"5":0},"b":{}}
,"/home/devlinux/www/teddy-mobile-test/src/components/drawer-scene-wrapper/index.tsx": {"path":"/home/devlinux/www/teddy-mobile-test/src/components/drawer-scene-wrapper/index.tsx","statementMap":{"0":{"start":{"line":10,"column":19},"end":{"line":10,"column":38}},"1":{"start":{"line":12,"column":25},"end":{"line":38,"column":5}},"2":{"start":{"line":12,"column":49},"end":{"line":38,"column":3}},"3":{"start":{"line":40,"column":2},"end":{"line":44,"column":4}}},"fnMap":{"0":{"name":"DrawerSceneWrapper","decl":{"start":{"line":9,"column":16},"end":{"line":9,"column":34}},"loc":{"start":{"line":9,"column":74},"end":{"line":45,"column":1}},"line":9},"1":{"name":"(anonymous_1)","decl":{"start":{"line":12,"column":42},"end":{"line":12,"column":43}},"loc":{"start":{"line":12,"column":49},"end":{"line":38,"column":3}},"line":12}},"branchMap":{},"s":{"0":0,"1":0,"2":0,"3":0},"f":{"0":0,"1":0},"b":{}}
,"/home/devlinux/www/teddy-mobile-test/src/components/form/index.tsx": {"path":"/home/devlinux/www/teddy-mobile-test/src/components/form/index.tsx","statementMap":{"0":{"start":{"line":10,"column":15},"end":{"line":22,"column":2}},"1":{"start":{"line":33,"column":6},"end":{"line":39,"column":4}},"2":{"start":{"line":41,"column":15},"end":{"line":41,"column":28}},"3":{"start":{"line":42,"column":22},"end":{"line":42,"column":42}},"4":{"start":{"line":44,"column":2},"end":{"line":46,"column":13}},"5":{"start":{"line":45,"column":4},"end":{"line":45,"column":43}},"6":{"start":{"line":48,"column":2},"end":{"line":50,"column":20}},"7":{"start":{"line":49,"column":4},"end":{"line":49,"column":57}},"8":{"start":{"line":53,"column":4},"end":{"line":53,"column":22}},"9":{"start":{"line":56,"column":2},"end":{"line":93,"column":4}},"10":{"start":{"line":96,"column":15},"end":{"line":113,"column":2}}},"fnMap":{"0":{"name":"Form","decl":{"start":{"line":26,"column":16},"end":{"line":26,"column":20}},"loc":{"start":{"line":26,"column":23},"end":{"line":94,"column":1}},"line":26},"1":{"name":"(anonymous_1)","decl":{"start":{"line":44,"column":12},"end":{"line":44,"column":13}},"loc":{"start":{"line":44,"column":18},"end":{"line":46,"column":3}},"line":44},"2":{"name":"(anonymous_2)","decl":{"start":{"line":48,"column":12},"end":{"line":48,"column":13}},"loc":{"start":{"line":48,"column":18},"end":{"line":50,"column":3}},"line":48},"3":{"name":"handleCreateCustomer","decl":{"start":{"line":52,"column":11},"end":{"line":52,"column":31}},"loc":{"start":{"line":52,"column":48},"end":{"line":54,"column":3}},"line":52}},"branchMap":{"0":{"loc":{"start":{"line":86,"column":31},"end":{"line":86,"column":59}},"type":"binary-expr","locations":[{"start":{"line":86,"column":31},"end":{"line":86,"column":39}},{"start":{"line":86,"column":43},"end":{"line":86,"column":59}}],"line":86}},"s":{"0":0,"1":0,"2":0,"3":0,"4":0,"5":0,"6":0,"7":0,"8":0,"9":0,"10":0},"f":{"0":0,"1":0,"2":0,"3":0},"b":{"0":[0,0]}}
,"/home/devlinux/www/teddy-mobile-test/src/components/form/form-input/index.tsx": {"path":"/home/devlinux/www/teddy-mobile-test/src/components/form/form-input/index.tsx","statementMap":{"0":{"start":{"line":30,"column":2},"end":{"line":51,"column":4}},"1":{"start":{"line":38,"column":10},"end":{"line":45,"column":12}},"2":{"start":{"line":54,"column":15},"end":{"line":77,"column":2}}},"fnMap":{"0":{"name":"FormInput","decl":{"start":{"line":21,"column":16},"end":{"line":21,"column":25}},"loc":{"start":{"line":29,"column":15},"end":{"line":52,"column":1}},"line":29},"1":{"name":"(anonymous_1)","decl":{"start":{"line":37,"column":16},"end":{"line":37,"column":17}},"loc":{"start":{"line":38,"column":10},"end":{"line":45,"column":12}},"line":38}},"branchMap":{"0":{"loc":{"start":{"line":49,"column":7},"end":{"line":49,"column":61}},"type":"binary-expr","locations":[{"start":{"line":49,"column":7},"end":{"line":49,"column":12}},{"start":{"line":49,"column":16},"end":{"line":49,"column":61}}],"line":49}},"s":{"0":0,"1":0,"2":0},"f":{"0":0,"1":0},"b":{"0":[0,0]}}
,"/home/devlinux/www/teddy-mobile-test/src/components/header/index.tsx": {"path":"/home/devlinux/www/teddy-mobile-test/src/components/header/index.tsx","statementMap":{"0":{"start":{"line":14,"column":2},"end":{"line":22,"column":4}},"1":{"start":{"line":25,"column":15},"end":{"line":44,"column":2}}},"fnMap":{"0":{"name":"Header","decl":{"start":{"line":13,"column":16},"end":{"line":13,"column":22}},"loc":{"start":{"line":13,"column":25},"end":{"line":23,"column":1}},"line":13}},"branchMap":{"0":{"loc":{"start":{"line":28,"column":16},"end":{"line":28,"column":73}},"type":"cond-expr","locations":[{"start":{"line":28,"column":44},"end":{"line":28,"column":68}},{"start":{"line":28,"column":71},"end":{"line":28,"column":73}}],"line":28}},"s":{"0":0,"1":0},"f":{"0":0},"b":{"0":[0,0]}}
,"/home/devlinux/www/teddy-mobile-test/src/components/ui/button/index.tsx": {"path":"/home/devlinux/www/teddy-mobile-test/src/components/ui/button/index.tsx","statementMap":{"0":{"start":{"line":10,"column":2},"end":{"line":14,"column":4}},"1":{"start":{"line":17,"column":15},"end":{"line":31,"column":2}}},"fnMap":{"0":{"name":"Button","decl":{"start":{"line":9,"column":16},"end":{"line":9,"column":22}},"loc":{"start":{"line":9,"column":56},"end":{"line":15,"column":1}},"line":9}},"branchMap":{},"s":{"0":0,"1":0},"f":{"0":0},"b":{}}
,"/home/devlinux/www/teddy-mobile-test/src/components/ui/input/index.tsx": {"path":"/home/devlinux/www/teddy-mobile-test/src/components/ui/input/index.tsx","statementMap":{"0":{"start":{"line":20,"column":2},"end":{"line":39,"column":4}},"1":{"start":{"line":27,"column":10},"end":{"line":33,"column":12}},"2":{"start":{"line":42,"column":15},"end":{"line":58,"column":2}}},"fnMap":{"0":{"name":"Input","decl":{"start":{"line":13,"column":16},"end":{"line":13,"column":21}},"loc":{"start":{"line":19,"column":15},"end":{"line":40,"column":1}},"line":19},"1":{"name":"(anonymous_1)","decl":{"start":{"line":26,"column":16},"end":{"line":26,"column":17}},"loc":{"start":{"line":27,"column":10},"end":{"line":33,"column":12}},"line":27}},"branchMap":{"0":{"loc":{"start":{"line":31,"column":19},"end":{"line":31,"column":30}},"type":"binary-expr","locations":[{"start":{"line":31,"column":19},"end":{"line":31,"column":24}},{"start":{"line":31,"column":28},"end":{"line":31,"column":30}}],"line":31},"1":{"loc":{"start":{"line":37,"column":7},"end":{"line":37,"column":61}},"type":"binary-expr","locations":[{"start":{"line":37,"column":7},"end":{"line":37,"column":12}},{"start":{"line":37,"column":16},"end":{"line":37,"column":61}}],"line":37}},"s":{"0":6,"1":8,"2":1},"f":{"0":6,"1":8},"b":{"0":[8,4],"1":[6,1]},"_coverageSchema":"1a1c01bbd47fc00a2c39e90264f33305004495a9","hash":"b6613e28f0a4b469e1bc68e9d906a68d52a66801"}
,"/home/devlinux/www/teddy-mobile-test/src/constants/colors.ts": {"path":"/home/devlinux/www/teddy-mobile-test/src/constants/colors.ts","statementMap":{"0":{"start":{"line":1,"column":22},"end":{"line":11,"column":1}}},"fnMap":{},"branchMap":{},"s":{"0":1},"f":{},"b":{},"_coverageSchema":"1a1c01bbd47fc00a2c39e90264f33305004495a9","hash":"5525f0a8db7e5d56031df5ee587341940bf6f365"}
,"/home/devlinux/www/teddy-mobile-test/src/lib/utils.ts": {"path":"/home/devlinux/www/teddy-mobile-test/src/lib/utils.ts","statementMap":{"0":{"start":{"line":2,"column":2},"end":{"line":2,"column":24}},"1":{"start":{"line":2,"column":14},"end":{"line":2,"column":24}},"2":{"start":{"line":4,"column":2},"end":{"line":7,"column":5}}},"fnMap":{"0":{"name":"formatCurrency","decl":{"start":{"line":1,"column":16},"end":{"line":1,"column":30}},"loc":{"start":{"line":1,"column":46},"end":{"line":8,"column":1}},"line":1}},"branchMap":{"0":{"loc":{"start":{"line":2,"column":2},"end":{"line":2,"column":24}},"type":"if","locations":[{"start":{"line":2,"column":2},"end":{"line":2,"column":24}},{"start":{},"end":{}}],"line":2}},"s":{"0":0,"1":0,"2":0},"f":{"0":0},"b":{"0":[0,0]}}
}
