TN:
SF:src/app/_layout.tsx
FN:6,RootLayout
FN:43,(anonymous_1)
FN:52,(anonymous_2)
FNF:3
FNH:0
FNDA:0,RootLayout
FNDA:0,(anonymous_1)
FNDA:0,(anonymous_2)
DA:7,0
DA:44,0
DA:53,0
LF:3
LH:0
BRF:0
BRH:0
end_of_record
TN:
SF:src/app/index.tsx
FN:17,Welcome
FN:28,handleNavigation
FNF:2
FNH:2
FNDA:6,Welcome
FNDA:1,handleNavigation
DA:9,1
DA:22,6
DA:26,6
DA:29,1
DA:32,6
DA:54,1
LF:6
LH:6
BRF:0
BRH:0
end_of_record
TN:
SF:src/app/customers/index.tsx
FN:7,Customers
FNF:1
FNH:0
FNDA:0,Customers
DA:8,0
DA:19,0
LF:2
LH:0
BRF:0
BRH:0
end_of_record
TN:
SF:src/app/home/index.tsx
FN:18,Home
FN:35,(anonymous_1)
FN:39,(anonymous_2)
FN:44,(anonymous_3)
FN:50,(anonymous_4)
FNF:5
FNH:0
FNDA:0,Home
FNDA:0,(anonymous_1)
FNDA:0,(anonymous_2)
FNDA:0,(anonymous_3)
FNDA:0,(anonymous_4)
DA:19,0
DA:21,0
DA:35,0
DA:39,0
DA:44,0
DA:50,0
DA:63,0
LF:7
LH:0
BRF:0
BRH:0
end_of_record
TN:
SF:src/components/customer-item/index.tsx
FN:13,CustomerItem
FN:16,handleRemoveCustomer
FN:29,(anonymous_2)
FN:37,(anonymous_3)
FN:44,(anonymous_4)
FN:56,(anonymous_5)
FNF:6
FNH:2
FNDA:2,CustomerItem
FNDA:0,handleRemoveCustomer
FNDA:1,(anonymous_2)
FNDA:0,(anonymous_3)
FNDA:0,(anonymous_4)
FNDA:0,(anonymous_5)
DA:14,2
DA:18,2
DA:29,1
DA:37,0
DA:44,0
DA:56,0
DA:66,1
LF:7
LH:4
BRF:0
BRH:0
end_of_record
TN:
SF:src/components/drawer-scene-wrapper/index.tsx
FN:9,DrawerSceneWrapper
FN:12,(anonymous_1)
FNF:2
FNH:0
FNDA:0,DrawerSceneWrapper
FNDA:0,(anonymous_1)
DA:10,0
DA:12,0
DA:40,0
LF:3
LH:0
BRF:0
BRH:0
end_of_record
TN:
SF:src/components/form/index.tsx
FN:26,Form
FN:44,(anonymous_1)
FN:48,(anonymous_2)
FN:52,handleCreateCustomer
FNF:4
FNH:0
FNDA:0,Form
FNDA:0,(anonymous_1)
FNDA:0,(anonymous_2)
FNDA:0,handleCreateCustomer
DA:10,0
DA:33,0
DA:41,0
DA:42,0
DA:44,0
DA:45,0
DA:48,0
DA:49,0
DA:53,0
DA:56,0
DA:96,0
LF:11
LH:0
BRDA:86,0,0,0
BRDA:86,0,1,0
BRF:2
BRH:0
end_of_record
TN:
SF:src/components/form/form-input/index.tsx
FN:21,FormInput
FN:37,(anonymous_1)
FNF:2
FNH:0
FNDA:0,FormInput
FNDA:0,(anonymous_1)
DA:30,0
DA:38,0
DA:54,0
LF:3
LH:0
BRDA:49,0,0,0
BRDA:49,0,1,0
BRF:2
BRH:0
end_of_record
TN:
SF:src/components/header/index.tsx
FN:13,Header
FNF:1
FNH:0
FNDA:0,Header
DA:14,0
DA:25,0
LF:2
LH:0
BRDA:28,0,0,0
BRDA:28,0,1,0
BRF:2
BRH:0
end_of_record
TN:
SF:src/components/ui/button/index.tsx
FN:9,Button
FNF:1
FNH:0
FNDA:0,Button
DA:10,0
DA:17,0
LF:2
LH:0
BRF:0
BRH:0
end_of_record
TN:
SF:src/components/ui/input/index.tsx
FN:13,Input
FN:26,(anonymous_1)
FNF:2
FNH:2
FNDA:6,Input
FNDA:8,(anonymous_1)
DA:20,6
DA:27,8
DA:42,1
LF:3
LH:3
BRDA:31,0,0,8
BRDA:31,0,1,4
BRDA:37,1,0,6
BRDA:37,1,1,1
BRF:4
BRH:4
end_of_record
TN:
SF:src/constants/colors.ts
FNF:0
FNH:0
DA:1,2
LF:1
LH:1
BRF:0
BRH:0
end_of_record
TN:
SF:src/lib/utils.ts
FN:1,formatCurrency
FNF:1
FNH:0
FNDA:0,formatCurrency
DA:2,0
DA:4,0
LF:2
LH:0
BRDA:2,0,0,0
BRDA:2,0,1,0
BRF:2
BRH:0
end_of_record
